<?xml version="1.0" encoding="UTF-8"?>
<!-- Generated by org.testng.reporters.JUnitReportReporter -->
<testsuite hostname="WIN-NVV6B0FMQ61" failures="0" tests="1" name="com.udemy.LoginTest" time="27.739" errors="0" timestamp="2020-05-09T14:34:44 EEST" skipped="0">
  <testcase classname="com.udemy.LoginTest" name="loginWithValidCredentials" time="27.739"/>
</testsuite> <!-- com.udemy.LoginTest -->
