<?xml version="1.0" encoding="UTF-8"?>
<!-- Generated by org.testng.reporters.JUnitReportReporter -->
<testsuite hostname="WIN-NVV6B0FMQ61" failures="0" tests="1" name="com.udemy.SignUpTest" time="35.917" errors="0" timestamp="2020-05-12T18:15:06 EEST" skipped="0">
  <testcase classname="com.udemy.SignUpTest" name="signUpWithValidCredentials" time="35.917"/>
</testsuite> <!-- com.udemy.SignUpTest -->
